<?xml version="1.0" encoding="UTF-8"?>
<testsuite xmlns:xsi="http://www.w3.org/2001/XMLSchema-instance" xsi:noNamespaceSchemaLocation="https://maven.apache.org/surefire/maven-surefire-plugin/xsd/surefire-test-report.xsd" version="3.0.2" name="FelineTest" time="0.014" tests="6" errors="0" skipped="0" failures="0">
  <properties>
[...]
</properties>
  <testcase name="eatMeatThrowsException" classname="FelineTest" time="0.003"/>
  <testcase name="getFoodWithInvalidKindThrowsException" classname="FelineTest" time="0.002"/>
  <testcase name="getKittensReturnsOne" classname="FelineTest" time="0.001"/>
  <testcase name="eatMeatReturnsCorrectFood" classname="FelineTest" time="0.001"/>
  <testcase name="getFoodWithValidPredatorReturnsCorrectList" classname="FelineTest" time="0.001"/>
  <testcase name="getFamilyReturnsCorrectFamily" classname="FelineTest" time="0.0"/>
</testsuite>