<?xml version="1.0" encoding="UTF-8"?>
<testsuite xmlns:xsi="http://www.w3.org/2001/XMLSchema-instance" xsi:noNamespaceSchemaLocation="https://maven.apache.org/surefire/maven-surefire-plugin/xsd/surefire-test-report.xsd" version="3.0.2" name="AlexTest" time="0.744" tests="7" errors="0" skipped="0" failures="0">
  <properties>
[...]
</properties>
  <testcase name="getFriendsListContainsOnlyExpectedFriends" classname="AlexTest" time="0.686"/>
  <testcase name="constructorCreatesMaleLion" classname="AlexTest" time="0.001"/>
  <testcase name="getFriendsReturnsCorrectList" classname="AlexTest" time="0.001"/>
  <testcase name="getPlaceOfLivingReturnsNewYorkZoo" classname="AlexTest" time="0.004"/>
  <testcase name="doesHaveManeReturnsTrue" classname="AlexTest" time="0.002"/>
  <testcase name="getFoodReturnsFromPredator" classname="AlexTest" time="0.017"/>
  <testcase name="getKittensReturnsZero" classname="AlexTest" time="0.002"/>
</testsuite>